-------------------------------------------------------------------------------
Test set: meta.MetaManagerTest
-------------------------------------------------------------------------------
Tests run: 7, Failures: 2, Errors: 0, Skipped: 0, Time elapsed: 0.399 s <<< FAILURE! -- in meta.MetaManagerTest
meta.MetaManagerTest.testTableDoesNotExistException -- Time elapsed: 0.039 s <<< FAILURE!
org.opentest4j.AssertionFailedError: Expected edu.sustech.cs307.exception.DBException to be thrown, but nothing was thrown.
	at org.junit.jupiter.api.AssertionFailureBuilder.build(AssertionFailureBuilder.java:152)
	at org.junit.jupiter.api.AssertThrows.assertThrows(AssertThrows.java:73)
	at org.junit.jupiter.api.AssertThrows.assertThrows(AssertThrows.java:35)
	at org.junit.jupiter.api.Assertions.assertThrows(Assertions.java:3128)
	at meta.MetaManagerTest.testTableDoesNotExistException(MetaManagerTest.java:89)
	at java.base/java.lang.reflect.Method.invoke(Method.java:580)
	at java.base/java.util.ArrayList.forEach(ArrayList.java:1597)
	at java.base/java.util.ArrayList.forEach(ArrayList.java:1597)

meta.MetaManagerTest.testDropTable -- Time elapsed: 0.014 s <<< FAILURE!
org.opentest4j.AssertionFailedError: Expected edu.sustech.cs307.exception.DBException to be thrown, but nothing was thrown.
	at org.junit.jupiter.api.AssertionFailureBuilder.build(AssertionFailureBuilder.java:152)
	at org.junit.jupiter.api.AssertThrows.assertThrows(AssertThrows.java:73)
	at org.junit.jupiter.api.AssertThrows.assertThrows(AssertThrows.java:35)
	at org.junit.jupiter.api.Assertions.assertThrows(Assertions.java:3128)
	at meta.MetaManagerTest.testDropTable(MetaManagerTest.java:63)
	at java.base/java.lang.reflect.Method.invoke(Method.java:580)
	at java.base/java.util.ArrayList.forEach(ArrayList.java:1597)
	at java.base/java.util.ArrayList.forEach(ArrayList.java:1597)

