-------------------------------------------------------------------------------
Test set: system.RecordManagerTest
-------------------------------------------------------------------------------
Tests run: 5, Failures: 1, Errors: 0, Skipped: 0, Time elapsed: 0.062 s <<< FAILURE! -- in system.RecordManagerTest
system.RecordManagerTest.testCreateFile -- Time elapsed: 0.011 s <<< FAILURE!
org.opentest4j.AssertionFailedError: 

expected: 1
 but was: 0
	at java.base/jdk.internal.reflect.DirectConstructorHandleAccessor.newInstance(DirectConstructorHandleAccessor.java:62)
	at java.base/java.lang.reflect.Constructor.newInstanceWithCaller(Constructor.java:502)
	at system.RecordManagerTest.testCreateFile(RecordManagerTest.java:59)
	at java.base/java.lang.reflect.Method.invoke(Method.java:580)
	at java.base/java.util.ArrayList.forEach(ArrayList.java:1597)
	at java.base/java.util.ArrayList.forEach(ArrayList.java:1597)

