<?xml version="1.0" encoding="UTF-8"?>
<testsuite xmlns:xsi="http://www.w3.org/2001/XMLSchema-instance" xsi:noNamespaceSchemaLocation="https://maven.apache.org/surefire/maven-surefire-plugin/xsd/surefire-test-report.xsd" version="3.0.2" name="feature.AdvancedFeatureTest" time="0.32" tests="5" errors="0" skipped="0" failures="0">
  <properties>
[...]
</properties>
  <testcase name="testIndexMetaData" classname="feature.AdvancedFeatureTest" time="0.105"/>
  <testcase name="testValueByteConversion" classname="feature.AdvancedFeatureTest" time="0.003"/>
  <testcase name="testAlterTableMetaData" classname="feature.AdvancedFeatureTest" time="0.009"/>
  <testcase name="testValueComparer" classname="feature.AdvancedFeatureTest" time="0.003"/>
  <testcase name="testBPlusTreeInsertAndSearch" classname="feature.AdvancedFeatureTest" time="0.009"/>
</testsuite>