<?xml version="1.0" encoding="UTF-8"?>
<testsuite xmlns:xsi="http://www.w3.org/2001/XMLSchema-instance" xsi:noNamespaceSchemaLocation="https://maven.apache.org/surefire/maven-surefire-plugin/xsd/surefire-test-report.xsd" version="3.0.2" name="storage.BufferPoolTest" time="1.468" tests="13" errors="0" skipped="0" failures="0">
  <properties>
[...]
</properties>
  <testcase name="testDeleteNonCachedPageShouldFail" classname="storage.BufferPoolTest" time="0.13"/>
  <testcase name="testMultipleFetchIncrementsPinCount" classname="storage.BufferPoolTest" time="0.103"/>
  <testcase name="testFlushPage_shouldClearDirtyFlag" classname="storage.BufferPoolTest" time="0.111"/>
  <testcase name="testFlushNonExistentPageShouldFail" classname="storage.BufferPoolTest" time="0.11"/>
  <testcase name="testNewPage_shouldAllocateNewPage" classname="storage.BufferPoolTest" time="0.111"/>
  <testcase name="testMultipleUnpinShouldNotMakeNegativeCount" classname="storage.BufferPoolTest" time="0.09"/>
  <testcase name="testDeletePage_shouldRemoveFromBuffer" classname="storage.BufferPoolTest" time="0.111"/>
  <testcase name="testDifferentFilePagesManagement" classname="storage.BufferPoolTest" time="0.127"/>
  <testcase name="testNewPageFailureWhenPoolFullAndAllPinned" classname="storage.BufferPoolTest" time="0.11"/>
  <testcase name="testDirtyPageAutoFlushOnEviction" classname="storage.BufferPoolTest" time="0.111"/>
  <testcase name="testUnpinPage_shouldDecreasePinCount" classname="storage.BufferPoolTest" time="0.111"/>
  <testcase name="testFetchPage_shouldLoadFromDiskWhenNotCached" classname="storage.BufferPoolTest" time="0.111"/>
  <testcase name="testLRUReplacement" classname="storage.BufferPoolTest" time="0.111"/>
</testsuite>